#
# There is insufficient memory for the Java Runtime Environment to continue.
# Native memory allocation (malloc) failed to allocate 731216 bytes for Chunk::new
# Possible reasons:
#   The system is out of physical RAM or swap space
#   In 32 bit mode, the process size limit was hit
# Possible solutions:
#   Reduce memory load on the system
#   Increase physical memory or swap space
#   Check if swap backing store is full
#   Use 64 bit Java on a 64 bit OS
#   Decrease Java heap size (-Xmx/-Xms)
#   Decrease number of Java threads
#   Decrease Java thread stack sizes (-Xss)
#   Set larger code cache with -XX:ReservedCodeCacheSize=
# This output file may be truncated or incomplete.
#
#  Out of Memory Error (allocation.cpp:390), pid=12316, tid=0x0000000000000b78
#
# JRE version: Java(TM) SE Runtime Environment (8.0_162-b12) (build 1.8.0_162-b12)
# Java VM: Java HotSpot(TM) 64-Bit Server VM (25.162-b12 mixed mode windows-amd64 compressed oops)
# Failed to write core dump. Minidumps are not enabled by default on client versions of Windows
#

---------------  T H R E A D  ---------------

Current thread (0x0000000016afc000):  JavaThread "C2 CompilerThread0" daemon [_thread_in_native, id=2936, stack(0x0000000017b30000,0x0000000017c30000)]

Stack: [0x0000000017b30000,0x0000000017c30000]
[error occurred during error reporting (printing stack bounds), id 0xc0000005]

Native frames: (J=compiled Java code, j=interpreted, Vv=VM code, C=native code)


Current CompileTask:
C2:  26124 2954       4       org.apache.maven.model.inheritance.DefaultInheritanceAssembler$InheritanceModelMerger::mergePluginContainer_Plugins (430 bytes)


---------------  P R O C E S S  ---------------

Java Threads: ( => current thread )
  0x0000000016b69800 JavaThread "Service Thread" daemon [_thread_blocked, id=10012, stack(0x0000000017d30000,0x0000000017e30000)]
  0x0000000016aff800 JavaThread "C1 CompilerThread1" daemon [_thread_blocked, id=13028, stack(0x0000000017c30000,0x0000000017d30000)]
=>0x0000000016afc000 JavaThread "C2 CompilerThread0" daemon [_thread_in_native, id=2936, stack(0x0000000017b30000,0x0000000017c30000)]
  0x0000000016afa800 JavaThread "Attach Listener" daemon [_thread_blocked, id=11136, stack(0x0000000017a30000,0x0000000017b30000)]
  0x0000000016af7800 JavaThread "Signal Dispatcher" daemon [_thread_blocked, id=2312, stack(0x0000000017930000,0x0000000017a30000)]
  0x0000000002628000 JavaThread "Finalizer" daemon [_thread_blocked, id=12292, stack(0x0000000017730000,0x0000000017830000)]
  0x000000000261e000 JavaThread "Reference Handler" daemon [_thread_blocked, id=4652, stack(0x0000000017630000,0x0000000017730000)]
  0x000000000252e800 JavaThread "main" [_thread_in_native, id=9148, stack(0x0000000002370000,0x0000000002470000)]

Other Threads:
  0x0000000016ac6800 VMThread [stack: 0x0000000017530000,0x0000000017630000] [id=2496]
  0x0000000016b80800 WatcherThread [stack: 0x0000000017e30000,0x0000000017f30000] [id=8116]

VM state:not at safepoint (normal execution)

VM Mutex/Monitor currently owned by a thread: None

Heap:
 PSYoungGen      total 66560K, used 10050K [0x00000000d8380000, 0x00000000dc980000, 0x0000000100000000)
  eden space 61440K, 8% used [0x00000000d8380000,0x00000000d8854a40,0x00000000dbf80000)
  from space 5120K, 99% used [0x00000000dc480000,0x00000000dc97c030,0x00000000dc980000)
  to   space 5120K, 0% used [0x00000000dbf80000,0x00000000dbf80000,0x00000000dc480000)
 ParOldGen       total 81920K, used 15470K [0x0000000088a00000, 0x000000008da00000, 0x00000000d8380000)
  object space 81920K, 18% used [0x0000000088a00000,0x000000008991b940,0x000000008da00000)
 Metaspace       used 14612K, capacity 14990K, committed 15232K, reserved 1062912K
  class space    used 1695K, capacity 1831K, committed 1920K, reserved 1048576K

Card table byte_map: [0x00000000119f0000,0x0000000011db0000] byte_map_base: 0x00000000115ab000

Marking Bits: (ParMarkBitMap*) 0x00000000772c0860
 Begin Bits: [0x0000000012230000, 0x0000000014008000)
 End Bits:   [0x0000000014008000, 0x0000000015de0000)

Polling page: 0x0000000000940000

CodeCache: size=245760Kb used=10642Kb max_used=11221Kb free=235117Kb
 bounds [0x0000000002630000, 0x0000000003150000, 0x0000000011630000]
 total_blobs=3157 nmethods=2810 adapters=260
 compilation: enabled

Compilation events (10 events):
Event: 25.840 Thread 0x0000000016afc000 nmethod 2953 0x0000000002743b90 code [0x0000000002743d40, 0x00000000027443d8]
Event: 25.840 Thread 0x0000000016afc000 2954       4       org.apache.maven.model.inheritance.DefaultInheritanceAssembler$InheritanceModelMerger::mergePluginContainer_Plugins (430 bytes)
Event: 25.916 Thread 0x0000000016aff800 2957       3       org.apache.maven.model.merge.ModelMerger::mergeRepository_Releases (49 bytes)
Event: 25.917 Thread 0x0000000016aff800 nmethod 2957 0x000000000285d010 code [0x000000000285d1c0, 0x000000000285da48]
Event: 25.917 Thread 0x0000000016aff800 2958       3       org.apache.maven.model.merge.ModelMerger::mergeRepository_Snapshots (49 bytes)
Event: 25.917 Thread 0x0000000016aff800 nmethod 2958 0x000000000285bc50 code [0x000000000285be00, 0x000000000285c688]
Event: 25.918 Thread 0x0000000016aff800 2959   !   3       sun.reflect.GeneratedMethodAccessor5::invoke (61 bytes)
Event: 25.919 Thread 0x0000000016aff800 nmethod 2959 0x0000000002ab7bd0 code [0x0000000002ab7da0, 0x0000000002ab8408]
Event: 25.920 Thread 0x0000000016aff800 2960       3       org.sonatype.aether.impl.internal.GraphNode::setAliases (29 bytes)
Event: 25.921 Thread 0x0000000016aff800 nmethod 2960 0x00000000028c9d50 code [0x00000000028c9ec0, 0x00000000028ca228]

GC Heap History (10 events):
Event: 6.483 GC heap before
{Heap before GC invocations=2 (full 0):
 PSYoungGen      total 35840K, used 34826K [0x00000000d8380000, 0x00000000dc980000, 0x0000000100000000)
  eden space 30720K, 100% used [0x00000000d8380000,0x00000000da180000,0x00000000da180000)
  from space 5120K, 80% used [0x00000000da180000,0x00000000da582960,0x00000000da680000)
  to   space 5120K, 0% used [0x00000000dc480000,0x00000000dc480000,0x00000000dc980000)
 ParOldGen       total 81920K, used 0K [0x0000000088a00000, 0x000000008da00000, 0x00000000d8380000)
  object space 81920K, 0% used [0x0000000088a00000,0x0000000088a00000,0x000000008da00000)
 Metaspace       used 11706K, capacity 11954K, committed 12032K, reserved 1060864K
  class space    used 1447K, capacity 1535K, committed 1536K, reserved 1048576K
Event: 6.513 GC heap after
Heap after GC invocations=2 (full 0):
 PSYoungGen      total 66560K, used 5092K [0x00000000d8380000, 0x00000000dc980000, 0x0000000100000000)
  eden space 61440K, 0% used [0x00000000d8380000,0x00000000d8380000,0x00000000dbf80000)
  from space 5120K, 99% used [0x00000000dc480000,0x00000000dc979070,0x00000000dc980000)
  to   space 5120K, 0% used [0x00000000dbf80000,0x00000000dbf80000,0x00000000dc480000)
 ParOldGen       total 81920K, used 2079K [0x0000000088a00000, 0x000000008da00000, 0x00000000d8380000)
  object space 81920K, 2% used [0x0000000088a00000,0x0000000088c07d28,0x000000008da00000)
 Metaspace       used 11706K, capacity 11954K, committed 12032K, reserved 1060864K
  class space    used 1447K, capacity 1535K, committed 1536K, reserved 1048576K
}
Event: 10.755 GC heap before
{Heap before GC invocations=3 (full 0):
 PSYoungGen      total 66560K, used 66532K [0x00000000d8380000, 0x00000000dc980000, 0x0000000100000000)
  eden space 61440K, 100% used [0x00000000d8380000,0x00000000dbf80000,0x00000000dbf80000)
  from space 5120K, 99% used [0x00000000dc480000,0x00000000dc979070,0x00000000dc980000)
  to   space 5120K, 0% used [0x00000000dbf80000,0x00000000dbf80000,0x00000000dc480000)
 ParOldGen       total 81920K, used 2079K [0x0000000088a00000, 0x000000008da00000, 0x00000000d8380000)
  object space 81920K, 2% used [0x0000000088a00000,0x0000000088c07d28,0x000000008da00000)
 Metaspace       used 12734K, capacity 12962K, committed 13184K, reserved 1060864K
  class space    used 1537K, capacity 1613K, committed 1664K, reserved 1048576K
Event: 10.796 GC heap after
Heap after GC invocations=3 (full 0):
 PSYoungGen      total 66560K, used 5104K [0x00000000d8380000, 0x00000000dc980000, 0x0000000100000000)
  eden space 61440K, 0% used [0x00000000d8380000,0x00000000d8380000,0x00000000dbf80000)
  from space 5120K, 99% used [0x00000000dbf80000,0x00000000dc47c010,0x00000000dc480000)
  to   space 5120K, 0% used [0x00000000dc480000,0x00000000dc480000,0x00000000dc980000)
 ParOldGen       total 81920K, used 4617K [0x0000000088a00000, 0x000000008da00000, 0x00000000d8380000)
  object space 81920K, 5% used [0x0000000088a00000,0x0000000088e825f8,0x000000008da00000)
 Metaspace       used 12734K, capacity 12962K, committed 13184K, reserved 1060864K
  class space    used 1537K, capacity 1613K, committed 1664K, reserved 1048576K
}
Event: 12.451 GC heap before
{Heap before GC invocations=4 (full 0):
 PSYoungGen      total 66560K, used 66544K [0x00000000d8380000, 0x00000000dc980000, 0x0000000100000000)
  eden space 61440K, 100% used [0x00000000d8380000,0x00000000dbf80000,0x00000000dbf80000)
  from space 5120K, 99% used [0x00000000dbf80000,0x00000000dc47c010,0x00000000dc480000)
  to   space 5120K, 0% used [0x00000000dc480000,0x00000000dc480000,0x00000000dc980000)
 ParOldGen       total 81920K, used 4617K [0x0000000088a00000, 0x000000008da00000, 0x00000000d8380000)
  object space 81920K, 5% used [0x0000000088a00000,0x0000000088e825f8,0x000000008da00000)
 Metaspace       used 12907K, capacity 13184K, committed 13440K, reserved 1060864K
  class space    used 1542K, capacity 1618K, committed 1664K, reserved 1048576K
Event: 12.469 GC heap after
Heap after GC invocations=4 (full 0):
 PSYoungGen      total 66560K, used 5088K [0x00000000d8380000, 0x00000000dc980000, 0x0000000100000000)
  eden space 61440K, 0% used [0x00000000d8380000,0x00000000d8380000,0x00000000dbf80000)
  from space 5120K, 99% used [0x00000000dc480000,0x00000000dc978020,0x00000000dc980000)
  to   space 5120K, 0% used [0x00000000dbf80000,0x00000000dbf80000,0x00000000dc480000)
 ParOldGen       total 81920K, used 8235K [0x0000000088a00000, 0x000000008da00000, 0x00000000d8380000)
  object space 81920K, 10% used [0x0000000088a00000,0x000000008920aca8,0x000000008da00000)
 Metaspace       used 12907K, capacity 13184K, committed 13440K, reserved 1060864K
  class space    used 1542K, capacity 1618K, committed 1664K, reserved 1048576K
}
Event: 13.642 GC heap before
{Heap before GC invocations=5 (full 0):
 PSYoungGen      total 66560K, used 66528K [0x00000000d8380000, 0x00000000dc980000, 0x0000000100000000)
  eden space 61440K, 100% used [0x00000000d8380000,0x00000000dbf80000,0x00000000dbf80000)
  from space 5120K, 99% used [0x00000000dc480000,0x00000000dc978020,0x00000000dc980000)
  to   space 5120K, 0% used [0x00000000dbf80000,0x00000000dbf80000,0x00000000dc480000)
 ParOldGen       total 81920K, used 8235K [0x0000000088a00000, 0x000000008da00000, 0x00000000d8380000)
  object space 81920K, 10% used [0x0000000088a00000,0x000000008920aca8,0x000000008da00000)
 Metaspace       used 13139K, capacity 13394K, committed 13440K, reserved 1060864K
  class space    used 1543K, capacity 1621K, committed 1664K, reserved 1048576K
Event: 13.664 GC heap after
Heap after GC invocations=5 (full 0):
 PSYoungGen      total 66560K, used 5120K [0x00000000d8380000, 0x00000000dc980000, 0x0000000100000000)
  eden space 61440K, 0% used [0x00000000d8380000,0x00000000d8380000,0x00000000dbf80000)
  from space 5120K, 100% used [0x00000000dbf80000,0x00000000dc480000,0x00000000dc480000)
  to   space 5120K, 0% used [0x00000000dc480000,0x00000000dc480000,0x00000000dc980000)
 ParOldGen       total 81920K, used 11299K [0x0000000088a00000, 0x000000008da00000, 0x00000000d8380000)
  object space 81920K, 13% used [0x0000000088a00000,0x0000000089508d60,0x000000008da00000)
 Metaspace       used 13139K, capacity 13394K, committed 13440K, reserved 1060864K
  class space    used 1543K, capacity 1621K, committed 1664K, reserved 1048576K
}
Event: 25.144 GC heap before
{Heap before GC invocations=6 (full 0):
 PSYoungGen      total 66560K, used 66560K [0x00000000d8380000, 0x00000000dc980000, 0x0000000100000000)
  eden space 61440K, 100% used [0x00000000d8380000,0x00000000dbf80000,0x00000000dbf80000)
  from space 5120K, 100% used [0x00000000dbf80000,0x00000000dc480000,0x00000000dc480000)
  to   space 5120K, 0% used [0x00000000dc480000,0x00000000dc480000,0x00000000dc980000)
 ParOldGen       total 81920K, used 11299K [0x0000000088a00000, 0x000000008da00000, 0x00000000d8380000)
  object space 81920K, 13% used [0x0000000088a00000,0x0000000089508d60,0x000000008da00000)
 Metaspace       used 14592K, capacity 14990K, committed 15232K, reserved 1062912K
  class space    used 1695K, capacity 1831K, committed 1920K, reserved 1048576K
Event: 25.195 GC heap after
Heap after GC invocations=6 (full 0):
 PSYoungGen      total 66560K, used 5104K [0x00000000d8380000, 0x00000000dc980000, 0x0000000100000000)
  eden space 61440K, 0% used [0x00000000d8380000,0x00000000d8380000,0x00000000dbf80000)
  from space 5120K, 99% used [0x00000000dc480000,0x00000000dc97c030,0x00000000dc980000)
  to   space 5120K, 0% used [0x00000000dbf80000,0x00000000dbf80000,0x00000000dc480000)
 ParOldGen       total 81920K, used 15470K [0x0000000088a00000, 0x000000008da00000, 0x00000000d8380000)
  object space 81920K, 18% used [0x0000000088a00000,0x000000008991b940,0x000000008da00000)
 Metaspace       used 14592K, capacity 14990K, committed 15232K, reserved 1062912K
  class space    used 1695K, capacity 1831K, committed 1920K, reserved 1048576K
}

Deoptimization events (10 events):
Event: 20.333 Thread 0x000000000252e800 Uncommon trap: reason=bimorphic action=maybe_recompile pc=0x0000000002be5a8c method=java.util.regex.Pattern$Curly.match0(Ljava/util/regex/Matcher;IILjava/lang/CharSequence;)Z @ 170
Event: 20.334 Thread 0x000000000252e800 Uncommon trap: reason=bimorphic action=maybe_recompile pc=0x0000000002be5a8c method=java.util.regex.Pattern$Curly.match0(Ljava/util/regex/Matcher;IILjava/lang/CharSequence;)Z @ 170
Event: 20.334 Thread 0x000000000252e800 Uncommon trap: reason=bimorphic action=maybe_recompile pc=0x0000000002be5a8c method=java.util.regex.Pattern$Curly.match0(Ljava/util/regex/Matcher;IILjava/lang/CharSequence;)Z @ 170
Event: 20.811 Thread 0x000000000252e800 Uncommon trap: reason=bimorphic action=maybe_recompile pc=0x00000000030a55b8 method=java.util.AbstractSet.equals(Ljava/lang/Object;)Z @ 22
Event: 20.811 Thread 0x000000000252e800 Uncommon trap: reason=bimorphic action=maybe_recompile pc=0x00000000030a55b8 method=java.util.AbstractSet.equals(Ljava/lang/Object;)Z @ 22
Event: 24.064 Thread 0x000000000252e800 Uncommon trap: reason=unstable_if action=reinterpret pc=0x0000000002c6f720 method=org.sonatype.guice.bean.locators.RankedBindings$Itr.hasNext()Z @ 60
Event: 24.074 Thread 0x000000000252e800 Uncommon trap: reason=unstable_if action=reinterpret pc=0x0000000002c76250 method=org.sonatype.guice.bean.locators.RankedBindings$Itr.hasNext()Z @ 60
Event: 24.703 Thread 0x000000000252e800 Uncommon trap: reason=bimorphic action=maybe_recompile pc=0x00000000030a55b8 method=java.util.AbstractSet.equals(Ljava/lang/Object;)Z @ 22
Event: 24.703 Thread 0x000000000252e800 Uncommon trap: reason=bimorphic action=maybe_recompile pc=0x00000000030a55b8 method=java.util.AbstractSet.equals(Ljava/lang/Object;)Z @ 22
Event: 25.282 Thread 0x000000000252e800 Uncommon trap: reason=unstable_if action=reinterpret pc=0x0000000002f368fc method=java.util.WeakHashMap.expungeStaleEntries()V @ 66

Classes redefined (0 events):
No events

Internal exceptions (10 events):
Event: 3.884 Thread 0x000000000252e800 Exception <a 'java/lang/NoClassDefFoundError': org/slf4j/Logger> (0x00000000d8668fb8) thrown at [C:\re\workspace\8-2-build-windows-amd64-cygwin\jdk8u162\10278\hotspot\src\share\vm\classfile\systemDictionary.cpp, line 199]
Event: 4.278 Thread 0x000000000252e800 Exception <a 'java/lang/NoClassDefFoundError': org/slf4j/LoggerFactory> (0x00000000d8934ef8) thrown at [C:\re\workspace\8-2-build-windows-amd64-cygwin\jdk8u162\10278\hotspot\src\share\vm\classfile\systemDictionary.cpp, line 199]
Event: 4.278 Thread 0x000000000252e800 Exception <a 'java/lang/NoClassDefFoundError'> (0x00000000d8934ef8) thrown at [C:\re\workspace\8-2-build-windows-amd64-cygwin\jdk8u162\10278\hotspot\src\share\vm\oops\instanceKlass.cpp, line 959]
Event: 7.182 Thread 0x000000000252e800 Implicit null exception at 0x0000000002b0d1ec to 0x0000000002b0d47d
Event: 8.691 Thread 0x000000000252e800 Implicit null exception at 0x0000000002c1de2c to 0x0000000002c1e0bd
Event: 9.523 Thread 0x000000000252e800 Implicit null exception at 0x0000000002a06b95 to 0x0000000002a06d71
Event: 12.782 Thread 0x000000000252e800 Implicit null exception at 0x0000000002e25219 to 0x0000000002e27bc5
Event: 14.339 Thread 0x000000000252e800 Implicit null exception at 0x00000000029ec6fb to 0x00000000029ece59
Event: 16.646 Thread 0x000000000252e800 Exception <a 'java/lang/NoClassDefFoundError': org/slf4j/Logger> (0x00000000da855048) thrown at [C:\re\workspace\8-2-build-windows-amd64-cygwin\jdk8u162\10278\hotspot\src\share\vm\oops\constantPool.cpp, line 235]
Event: 24.052 Thread 0x000000000252e800 Exception <a 'java/lang/NoClassDefFoundError': org/slf4j/Logger> (0x00000000dbb1ea60) thrown at [C:\re\workspace\8-2-build-windows-amd64-cygwin\jdk8u162\10278\hotspot\src\share\vm\oops\constantPool.cpp, line 235]

Events (10 events):
Event: 25.284 Thread 0x0000000016aff800 flushing nmethod 0x0000000002aba590
Event: 25.284 Thread 0x0000000016aff800 flushing nmethod 0x0000000002ac2c50
Event: 25.284 Thread 0x0000000016aff800 flushing nmethod 0x0000000002ac4790
Event: 25.284 Thread 0x0000000016aff800 flushing nmethod 0x0000000002ac9690
Event: 25.284 Thread 0x0000000016aff800 flushing nmethod 0x0000000002aca6d0
Event: 25.284 Thread 0x0000000016aff800 flushing nmethod 0x0000000002acaf10
Event: 25.284 Thread 0x0000000016aff800 flushing nmethod 0x0000000002acba10
Event: 25.284 Thread 0x0000000016aff800 flushing nmethod 0x0000000002aeaa10
Event: 25.284 Thread 0x0000000016aff800 flushing nmethod 0x0000000002aedfd0
Event: 25.284 Thread 0x0000000016aff800 flushing nmethod 0x0000000002b0cf10


Dynamic libraries:
0x00007ff6ed4c0000 - 0x00007ff6ed4f7000 	C:\Java\jdk1.8.0_162\bin\java.exe
0x00007ff9e0ba0000 - 0x00007ff9e0d90000 	C:\WINDOWS\SYSTEM32\ntdll.dll
0x00007ff9df0f0000 - 0x00007ff9df1a2000 	C:\WINDOWS\System32\KERNEL32.DLL
0x00007ff9ddb30000 - 0x00007ff9dddd3000 	C:\WINDOWS\System32\KERNELBASE.dll
0x00007ff9df620000 - 0x00007ff9df6c3000 	C:\WINDOWS\System32\ADVAPI32.dll
0x00007ff9e0330000 - 0x00007ff9e03ce000 	C:\WINDOWS\System32\msvcrt.dll
0x00007ff9e0770000 - 0x00007ff9e0807000 	C:\WINDOWS\System32\sechost.dll
0x00007ff9defd0000 - 0x00007ff9df0f0000 	C:\WINDOWS\System32\RPCRT4.dll
0x00007ff9e0480000 - 0x00007ff9e0614000 	C:\WINDOWS\System32\USER32.dll
0x00007ff9de3c0000 - 0x00007ff9de3e1000 	C:\WINDOWS\System32\win32u.dll
0x00007ff9e0220000 - 0x00007ff9e0246000 	C:\WINDOWS\System32\GDI32.dll
0x00007ff9de0d0000 - 0x00007ff9de264000 	C:\WINDOWS\System32\gdi32full.dll
0x00007ff9de030000 - 0x00007ff9de0ce000 	C:\WINDOWS\System32\msvcp_win.dll
0x00007ff9ddf10000 - 0x00007ff9de00a000 	C:\WINDOWS\System32\ucrtbase.dll
0x00007ff9d08d0000 - 0x00007ff9d0b55000 	C:\WINDOWS\WinSxS\amd64_microsoft.windows.common-controls_6595b64144ccf1df_6.0.18362.476_none_e6c4b11b130f2595\COMCTL32.dll
0x00007ff9e0810000 - 0x00007ff9e0b46000 	C:\WINDOWS\System32\combase.dll
0x00007ff9ddde0000 - 0x00007ff9dde60000 	C:\WINDOWS\System32\bcryptPrimitives.dll
0x00007ff9e06d0000 - 0x00007ff9e06fe000 	C:\WINDOWS\System32\IMM32.DLL
0x00000000769c0000 - 0x0000000076a91000 	C:\Java\jdk1.8.0_162\jre\bin\msvcr100.dll
0x0000000076aa0000 - 0x0000000077340000 	C:\Java\jdk1.8.0_162\jre\bin\server\jvm.dll
0x00007ff9e0b50000 - 0x00007ff9e0b58000 	C:\WINDOWS\System32\PSAPI.DLL
0x00007ff9d10c0000 - 0x00007ff9d10c9000 	C:\WINDOWS\SYSTEM32\WSOCK32.dll
0x00007ff9e0700000 - 0x00007ff9e076f000 	C:\WINDOWS\System32\WS2_32.dll
0x00007ff9db9f0000 - 0x00007ff9dba14000 	C:\WINDOWS\SYSTEM32\WINMM.dll
0x00007ff9d5ad0000 - 0x00007ff9d5ada000 	C:\WINDOWS\SYSTEM32\VERSION.dll
0x00007ff9db9c0000 - 0x00007ff9db9ed000 	C:\WINDOWS\SYSTEM32\winmmbase.dll
0x00007ff9de420000 - 0x00007ff9de46a000 	C:\WINDOWS\System32\cfgmgr32.dll
0x0000000050040000 - 0x000000005004f000 	C:\Java\jdk1.8.0_162\jre\bin\verify.dll
0x0000000050010000 - 0x0000000050039000 	C:\Java\jdk1.8.0_162\jre\bin\java.dll
0x00000000769a0000 - 0x00000000769b6000 	C:\Java\jdk1.8.0_162\jre\bin\zip.dll
0x00007ff9df900000 - 0x00007ff9dffe5000 	C:\WINDOWS\System32\SHELL32.dll
0x00007ff9e03d0000 - 0x00007ff9e0479000 	C:\WINDOWS\System32\shcore.dll
0x00007ff9de470000 - 0x00007ff9debee000 	C:\WINDOWS\System32\windows.storage.dll
0x00007ff9ddb10000 - 0x00007ff9ddb2f000 	C:\WINDOWS\System32\profapi.dll
0x00007ff9dda80000 - 0x00007ff9ddaca000 	C:\WINDOWS\System32\powrprof.dll
0x00007ff9dda70000 - 0x00007ff9dda80000 	C:\WINDOWS\System32\UMPDC.dll
0x00007ff9dec50000 - 0x00007ff9deca2000 	C:\WINDOWS\System32\shlwapi.dll
0x00007ff9ddad0000 - 0x00007ff9ddae1000 	C:\WINDOWS\System32\kernel.appcore.dll
0x00007ff9de010000 - 0x00007ff9de027000 	C:\WINDOWS\System32\cryptsp.dll
0x0000000076980000 - 0x000000007699a000 	C:\Java\jdk1.8.0_162\jre\bin\net.dll
0x00007ff9dd2e0000 - 0x00007ff9dd347000 	C:\WINDOWS\system32\mswsock.dll
0x0000000076960000 - 0x0000000076971000 	C:\Java\jdk1.8.0_162\jre\bin\nio.dll

VM Arguments:
jvm_args: -Dclassworlds.conf=C:\Program Files\NetBeans 8.2\java\maven\bin\m2.conf -Dmaven.home=C:\Program Files\NetBeans 8.2\java\maven 
java_command: org.codehaus.plexus.classworlds.launcher.Launcher -Dmaven.ext.class.path=C:\Program Files\NetBeans 8.2\java\maven-nblib\netbeans-eventspy.jar -Dfile.encoding=UTF-8 clean install
java_class_path (initial): C:\Program Files\NetBeans 8.2\java\maven\boot\plexus-classworlds-2.4.jar
Launcher Type: SUN_STANDARD

Environment Variables:
JAVA_HOME=C:\Java\jdk1.8.0_162
PATH=C:\ProgramData\Oracle\Java\javapath;C:\Program Files (x86)\Common Files\Oracle\Java\javapath;C:\Python37\Scripts\;C:\Python37\;C:\WINDOWS\system32;C:\WINDOWS;C:\WINDOWS\System32\Wbem;C:\WINDOWS\System32\WindowsPowerShell\v1.0\;C:\WINDOWS\System32\OpenSSH\;C:\Java\jdk1.8.0_162\bin;C:\Program Files\Git\cmd;C:\WINDOWS\system32\config\systemprofile\AppData\Local\atom\app-1.37.0;C:\Program Files\MySQL\MySQL Server 5.7\bin;JAVA_HOME;C:\Program Files\nodejs\;C:\Program Files\MySQL\MySQL Shell 8.0\bin\;C:\Users\apost\AppData\Local\atom\bin;C:\Users\apost\AppData\Local\Programs\Microsoft VS Code\bin;C:\Users\apost\AppData\Local\GitHubDesktop\bin;C:\Users\apost\AppData\Local\Microsoft\WindowsApps;C:\Users\apost\AppData\Roaming\npm
USERNAME=apost
OS=Windows_NT
PROCESSOR_IDENTIFIER=AMD64 Family 21 Model 112 Stepping 0, AuthenticAMD



---------------  S Y S T E M  ---------------

OS: Windows 10.0 , 64 bit Build 18362 (10.0.18362.329)

CPU:total 2 (initial active 2) (2 cores per cpu, 1 threads per core) family 21 model 112 stepping 0, cmov, cx8, fxsr, mmx, sse, sse2, sse3, ssse3, sse4.1, sse4.2, popcnt, avx, avx2, aes, clmul, mmxext, 3dnowpref, lzcnt, sse4a, tsc, tscinvbit, tscinv, bmi1

Memory: 4k page, physical 7815688k(746604k free), swap 10961416k(3132k free)

vm_info: Java HotSpot(TM) 64-Bit Server VM (25.162-b12) for windows-amd64 JRE (1.8.0_162-b12), built on Dec 19 2017 20:00:03 by "java_re" with MS VC++ 10.0 (VS2010)

time: Tue Nov 26 15:06:11 2019
elapsed time: 26 seconds (0d 0h 0m 26s)

